Generated at 2017-01-20 12:07:56 +0900
Mixlib::ShellOut::ShellCommandFailed: execute[action] (Replication::default line 30) had an error: Mixlib::ShellOut::ShellCommandFailed: Expected process to exit with [0], but received '1'
---- Begin output of sudo kubectl create -f /Users/daiki/kubernetes/site-cookbooks/Replication/config/Replication.yaml ----
STDOUT: 
STDERR: Error from server: error when creating "/Users/daiki/kubernetes/site-cookbooks/Replication/config/Replication.yaml": replicationcontrollers "nginx" already exists
---- End output of sudo kubectl create -f /Users/daiki/kubernetes/site-cookbooks/Replication/config/Replication.yaml ----
Ran sudo kubectl create -f /Users/daiki/kubernetes/site-cookbooks/Replication/config/Replication.yaml returned 1
/Users/daiki/.rbenv/versions/2.3.0/lib/ruby/gems/2.3.0/gems/mixlib-shellout-2.2.7/lib/mixlib/shellout.rb:289:in `invalid!'
/Users/daiki/.rbenv/versions/2.3.0/lib/ruby/gems/2.3.0/gems/mixlib-shellout-2.2.7/lib/mixlib/shellout.rb:276:in `error!'
/Users/daiki/.rbenv/versions/2.3.0/lib/ruby/gems/2.3.0/gems/chef-12.16.42/lib/chef/mixin/shell_out.rb:45:in `shell_out!'
/Users/daiki/.rbenv/versions/2.3.0/lib/ruby/gems/2.3.0/gems/chef-12.16.42/lib/chef/provider/execute.rb:62:in `block in action_run'
/Users/daiki/.rbenv/versions/2.3.0/lib/ruby/gems/2.3.0/gems/chef-12.16.42/lib/chef/mixin/why_run.rb:52:in `add_action'
/Users/daiki/.rbenv/versions/2.3.0/lib/ruby/gems/2.3.0/gems/chef-12.16.42/lib/chef/provider.rb:176:in `converge_by'
/Users/daiki/.rbenv/versions/2.3.0/lib/ruby/gems/2.3.0/gems/chef-12.16.42/lib/chef/provider/execute.rb:60:in `action_run'
/Users/daiki/.rbenv/versions/2.3.0/lib/ruby/gems/2.3.0/gems/chef-12.16.42/lib/chef/provider.rb:145:in `run_action'
/Users/daiki/.rbenv/versions/2.3.0/lib/ruby/gems/2.3.0/gems/chef-12.16.42/lib/chef/resource.rb:622:in `run_action'
/Users/daiki/.rbenv/versions/2.3.0/lib/ruby/gems/2.3.0/gems/chef-12.16.42/lib/chef/runner.rb:69:in `run_action'
/Users/daiki/.rbenv/versions/2.3.0/lib/ruby/gems/2.3.0/gems/chef-12.16.42/lib/chef/runner.rb:97:in `block (2 levels) in converge'
/Users/daiki/.rbenv/versions/2.3.0/lib/ruby/gems/2.3.0/gems/chef-12.16.42/lib/chef/runner.rb:97:in `each'
/Users/daiki/.rbenv/versions/2.3.0/lib/ruby/gems/2.3.0/gems/chef-12.16.42/lib/chef/runner.rb:97:in `block in converge'
/Users/daiki/.rbenv/versions/2.3.0/lib/ruby/gems/2.3.0/gems/chef-12.16.42/lib/chef/resource_collection/resource_list.rb:94:in `block in execute_each_resource'
/Users/daiki/.rbenv/versions/2.3.0/lib/ruby/gems/2.3.0/gems/chef-12.16.42/lib/chef/resource_collection/stepable_iterator.rb:114:in `call_iterator_block'
/Users/daiki/.rbenv/versions/2.3.0/lib/ruby/gems/2.3.0/gems/chef-12.16.42/lib/chef/resource_collection/stepable_iterator.rb:85:in `step'
/Users/daiki/.rbenv/versions/2.3.0/lib/ruby/gems/2.3.0/gems/chef-12.16.42/lib/chef/resource_collection/stepable_iterator.rb:103:in `iterate'
/Users/daiki/.rbenv/versions/2.3.0/lib/ruby/gems/2.3.0/gems/chef-12.16.42/lib/chef/resource_collection/stepable_iterator.rb:55:in `each_with_index'
/Users/daiki/.rbenv/versions/2.3.0/lib/ruby/gems/2.3.0/gems/chef-12.16.42/lib/chef/resource_collection/resource_list.rb:92:in `execute_each_resource'
/Users/daiki/.rbenv/versions/2.3.0/lib/ruby/gems/2.3.0/gems/chef-12.16.42/lib/chef/runner.rb:96:in `converge'
/Users/daiki/.rbenv/versions/2.3.0/lib/ruby/gems/2.3.0/gems/chef-12.16.42/lib/chef/client.rb:669:in `block in converge'
/Users/daiki/.rbenv/versions/2.3.0/lib/ruby/gems/2.3.0/gems/chef-12.16.42/lib/chef/client.rb:664:in `catch'
/Users/daiki/.rbenv/versions/2.3.0/lib/ruby/gems/2.3.0/gems/chef-12.16.42/lib/chef/client.rb:664:in `converge'
/Users/daiki/.rbenv/versions/2.3.0/lib/ruby/gems/2.3.0/gems/chef-12.16.42/lib/chef/client.rb:703:in `converge_and_save'
/Users/daiki/.rbenv/versions/2.3.0/lib/ruby/gems/2.3.0/gems/chef-12.16.42/lib/chef/client.rb:283:in `run'
/Users/daiki/.rbenv/versions/2.3.0/lib/ruby/gems/2.3.0/gems/chef-12.16.42/lib/chef/application.rb:294:in `block in fork_chef_client'
/Users/daiki/.rbenv/versions/2.3.0/lib/ruby/gems/2.3.0/gems/chef-12.16.42/lib/chef/application.rb:282:in `fork'
/Users/daiki/.rbenv/versions/2.3.0/lib/ruby/gems/2.3.0/gems/chef-12.16.42/lib/chef/application.rb:282:in `fork_chef_client'
/Users/daiki/.rbenv/versions/2.3.0/lib/ruby/gems/2.3.0/gems/chef-12.16.42/lib/chef/application.rb:247:in `block in run_chef_client'
/Users/daiki/.rbenv/versions/2.3.0/lib/ruby/gems/2.3.0/gems/chef-12.16.42/lib/chef/local_mode.rb:44:in `with_server_connectivity'
/Users/daiki/.rbenv/versions/2.3.0/lib/ruby/gems/2.3.0/gems/chef-12.16.42/lib/chef/application.rb:235:in `run_chef_client'
/Users/daiki/.rbenv/versions/2.3.0/lib/ruby/gems/2.3.0/gems/chef-12.16.42/lib/chef/application/client.rb:464:in `sleep_then_run_chef_client'
/Users/daiki/.rbenv/versions/2.3.0/lib/ruby/gems/2.3.0/gems/chef-12.16.42/lib/chef/application/client.rb:451:in `block in interval_run_chef_client'
/Users/daiki/.rbenv/versions/2.3.0/lib/ruby/gems/2.3.0/gems/chef-12.16.42/lib/chef/application/client.rb:450:in `loop'
/Users/daiki/.rbenv/versions/2.3.0/lib/ruby/gems/2.3.0/gems/chef-12.16.42/lib/chef/application/client.rb:450:in `interval_run_chef_client'
/Users/daiki/.rbenv/versions/2.3.0/lib/ruby/gems/2.3.0/gems/chef-12.16.42/lib/chef/application/client.rb:434:in `run_application'
/Users/daiki/.rbenv/versions/2.3.0/lib/ruby/gems/2.3.0/gems/chef-12.16.42/lib/chef/application.rb:59:in `run'
/Users/daiki/.rbenv/versions/2.3.0/lib/ruby/gems/2.3.0/gems/chef-12.16.42/lib/chef/application/solo.rb:226:in `run'
/Users/daiki/.rbenv/versions/2.3.0/lib/ruby/gems/2.3.0/gems/chef-12.16.42/bin/chef-solo:25:in `<top (required)>'
/Users/daiki/.rbenv/versions/2.3.0/bin/chef-solo:23:in `load'
/Users/daiki/.rbenv/versions/2.3.0/bin/chef-solo:23:in `<main>'

>>>> Caused by Mixlib::ShellOut::ShellCommandFailed: Expected process to exit with [0], but received '1'
---- Begin output of sudo kubectl create -f /Users/daiki/kubernetes/site-cookbooks/Replication/config/Replication.yaml ----
STDOUT: 
STDERR: Error from server: error when creating "/Users/daiki/kubernetes/site-cookbooks/Replication/config/Replication.yaml": replicationcontrollers "nginx" already exists
---- End output of sudo kubectl create -f /Users/daiki/kubernetes/site-cookbooks/Replication/config/Replication.yaml ----
Ran sudo kubectl create -f /Users/daiki/kubernetes/site-cookbooks/Replication/config/Replication.yaml returned 1
/Users/daiki/.rbenv/versions/2.3.0/lib/ruby/gems/2.3.0/gems/mixlib-shellout-2.2.7/lib/mixlib/shellout.rb:289:in `invalid!'
/Users/daiki/.rbenv/versions/2.3.0/lib/ruby/gems/2.3.0/gems/mixlib-shellout-2.2.7/lib/mixlib/shellout.rb:276:in `error!'
/Users/daiki/.rbenv/versions/2.3.0/lib/ruby/gems/2.3.0/gems/chef-12.16.42/lib/chef/mixin/shell_out.rb:45:in `shell_out!'
/Users/daiki/.rbenv/versions/2.3.0/lib/ruby/gems/2.3.0/gems/chef-12.16.42/lib/chef/provider/execute.rb:62:in `block in action_run'
/Users/daiki/.rbenv/versions/2.3.0/lib/ruby/gems/2.3.0/gems/chef-12.16.42/lib/chef/mixin/why_run.rb:52:in `add_action'
/Users/daiki/.rbenv/versions/2.3.0/lib/ruby/gems/2.3.0/gems/chef-12.16.42/lib/chef/provider.rb:176:in `converge_by'
/Users/daiki/.rbenv/versions/2.3.0/lib/ruby/gems/2.3.0/gems/chef-12.16.42/lib/chef/provider/execute.rb:60:in `action_run'
/Users/daiki/.rbenv/versions/2.3.0/lib/ruby/gems/2.3.0/gems/chef-12.16.42/lib/chef/provider.rb:145:in `run_action'
/Users/daiki/.rbenv/versions/2.3.0/lib/ruby/gems/2.3.0/gems/chef-12.16.42/lib/chef/resource.rb:622:in `run_action'
/Users/daiki/.rbenv/versions/2.3.0/lib/ruby/gems/2.3.0/gems/chef-12.16.42/lib/chef/runner.rb:69:in `run_action'
/Users/daiki/.rbenv/versions/2.3.0/lib/ruby/gems/2.3.0/gems/chef-12.16.42/lib/chef/runner.rb:97:in `block (2 levels) in converge'
/Users/daiki/.rbenv/versions/2.3.0/lib/ruby/gems/2.3.0/gems/chef-12.16.42/lib/chef/runner.rb:97:in `each'
/Users/daiki/.rbenv/versions/2.3.0/lib/ruby/gems/2.3.0/gems/chef-12.16.42/lib/chef/runner.rb:97:in `block in converge'
/Users/daiki/.rbenv/versions/2.3.0/lib/ruby/gems/2.3.0/gems/chef-12.16.42/lib/chef/resource_collection/resource_list.rb:94:in `block in execute_each_resource'
/Users/daiki/.rbenv/versions/2.3.0/lib/ruby/gems/2.3.0/gems/chef-12.16.42/lib/chef/resource_collection/stepable_iterator.rb:114:in `call_iterator_block'
/Users/daiki/.rbenv/versions/2.3.0/lib/ruby/gems/2.3.0/gems/chef-12.16.42/lib/chef/resource_collection/stepable_iterator.rb:85:in `step'
/Users/daiki/.rbenv/versions/2.3.0/lib/ruby/gems/2.3.0/gems/chef-12.16.42/lib/chef/resource_collection/stepable_iterator.rb:103:in `iterate'
/Users/daiki/.rbenv/versions/2.3.0/lib/ruby/gems/2.3.0/gems/chef-12.16.42/lib/chef/resource_collection/stepable_iterator.rb:55:in `each_with_index'
/Users/daiki/.rbenv/versions/2.3.0/lib/ruby/gems/2.3.0/gems/chef-12.16.42/lib/chef/resource_collection/resource_list.rb:92:in `execute_each_resource'
/Users/daiki/.rbenv/versions/2.3.0/lib/ruby/gems/2.3.0/gems/chef-12.16.42/lib/chef/runner.rb:96:in `converge'
/Users/daiki/.rbenv/versions/2.3.0/lib/ruby/gems/2.3.0/gems/chef-12.16.42/lib/chef/client.rb:669:in `block in converge'
/Users/daiki/.rbenv/versions/2.3.0/lib/ruby/gems/2.3.0/gems/chef-12.16.42/lib/chef/client.rb:664:in `catch'
/Users/daiki/.rbenv/versions/2.3.0/lib/ruby/gems/2.3.0/gems/chef-12.16.42/lib/chef/client.rb:664:in `converge'
/Users/daiki/.rbenv/versions/2.3.0/lib/ruby/gems/2.3.0/gems/chef-12.16.42/lib/chef/client.rb:703:in `converge_and_save'
/Users/daiki/.rbenv/versions/2.3.0/lib/ruby/gems/2.3.0/gems/chef-12.16.42/lib/chef/client.rb:283:in `run'
/Users/daiki/.rbenv/versions/2.3.0/lib/ruby/gems/2.3.0/gems/chef-12.16.42/lib/chef/application.rb:294:in `block in fork_chef_client'
/Users/daiki/.rbenv/versions/2.3.0/lib/ruby/gems/2.3.0/gems/chef-12.16.42/lib/chef/application.rb:282:in `fork'
/Users/daiki/.rbenv/versions/2.3.0/lib/ruby/gems/2.3.0/gems/chef-12.16.42/lib/chef/application.rb:282:in `fork_chef_client'
/Users/daiki/.rbenv/versions/2.3.0/lib/ruby/gems/2.3.0/gems/chef-12.16.42/lib/chef/application.rb:247:in `block in run_chef_client'
/Users/daiki/.rbenv/versions/2.3.0/lib/ruby/gems/2.3.0/gems/chef-12.16.42/lib/chef/local_mode.rb:44:in `with_server_connectivity'
/Users/daiki/.rbenv/versions/2.3.0/lib/ruby/gems/2.3.0/gems/chef-12.16.42/lib/chef/application.rb:235:in `run_chef_client'
/Users/daiki/.rbenv/versions/2.3.0/lib/ruby/gems/2.3.0/gems/chef-12.16.42/lib/chef/application/client.rb:464:in `sleep_then_run_chef_client'
/Users/daiki/.rbenv/versions/2.3.0/lib/ruby/gems/2.3.0/gems/chef-12.16.42/lib/chef/application/client.rb:451:in `block in interval_run_chef_client'
/Users/daiki/.rbenv/versions/2.3.0/lib/ruby/gems/2.3.0/gems/chef-12.16.42/lib/chef/application/client.rb:450:in `loop'
/Users/daiki/.rbenv/versions/2.3.0/lib/ruby/gems/2.3.0/gems/chef-12.16.42/lib/chef/application/client.rb:450:in `interval_run_chef_client'
/Users/daiki/.rbenv/versions/2.3.0/lib/ruby/gems/2.3.0/gems/chef-12.16.42/lib/chef/application/client.rb:434:in `run_application'
/Users/daiki/.rbenv/versions/2.3.0/lib/ruby/gems/2.3.0/gems/chef-12.16.42/lib/chef/application.rb:59:in `run'
/Users/daiki/.rbenv/versions/2.3.0/lib/ruby/gems/2.3.0/gems/chef-12.16.42/lib/chef/application/solo.rb:226:in `run'
/Users/daiki/.rbenv/versions/2.3.0/lib/ruby/gems/2.3.0/gems/chef-12.16.42/bin/chef-solo:25:in `<top (required)>'
/Users/daiki/.rbenv/versions/2.3.0/bin/chef-solo:23:in `load'
/Users/daiki/.rbenv/versions/2.3.0/bin/chef-solo:23:in `<main>'